

<!DOCTYPE html>
<html>
<head>
<meta charset="utf-8">
<meta name="viewport" content="width=device-width, initial-scale=1, shrink-to-fit=no">
<title>Shivam-Automation-Report</title>
<link rel="apple-touch-icon" href="https://cdn.jsdelivr.net/gh/extent-framework/extent-github-cdn@b00a2d0486596e73dd7326beacf352c639623a0e/commons/img/logo.png">
<link rel="shortcut icon" href="https://cdn.jsdelivr.net/gh/extent-framework/extent-github-cdn@b00a2d0486596e73dd7326beacf352c639623a0e/commons/img/logo.png">
<link href="https://cdn.jsdelivr.net/gh/extent-framework/extent-github-cdn@c43b89d03a7c43dae8bb8f0f078bad1997af6b3b/spark/css/spark-style.css" rel="stylesheet" />
<link href="https://stackpath.bootstrapcdn.com/font-awesome/4.7.0/css/font-awesome.min.css" rel="stylesheet">
<script src="https://cdn.rawgit.com/extent-framework/extent-github-cdn/7cc78ce/spark/js/jsontree.js"></script>
<style type="text/css"></style></head><body class="spa bdd-report standard">
  <div class="app">
    <div class="layout">
<div class="header navbar">
<div class="vheader">
<div class="nav-logo">
<a href="#">
<div class="logo" style="background-image: url('https://cdn.jsdelivr.net/gh/extent-framework/extent-github-cdn@b00a2d0486596e73dd7326beacf352c639623a0e/commons/img/logo.png')"></div>
</a>
</div>
<ul class="nav-left">
<li class="search-box">
<a class="search-toggle" href="#">
<i class="search-icon fa fa-search"></i>
<i class="search-icon-close fa fa-close"></i>
</a>
</li>
<li class="search-input"><input id="search-tests" class="form-control" type="text" placeholder="Search..."></li>
</ul>
<ul class="nav-right">
<li class="m-r-10">
<a href="#"><span class="badge badge-primary">Shivam QA-Cucumber Report</span></a>
</li>
<li class="m-r-10">
<a href="#"><span class="badge badge-primary">Mar 6, 2022 07:50:37 AM</span></a>
</li>
</ul>
</div>
</div><div class="side-nav">
<div class="side-nav-inner">
<ul class="side-nav-menu">
<li class="nav-item dropdown" onclick="toggleView('test-view')">
<a id="nav-test" class="dropdown-toggle" href="#">
<span class="ico"><i class="fa fa-list"></i></span>
</a>
</li>
<li class="nav-item dropdown" onclick="toggleView('exception-view')">
<a id="nav-exception" class="dropdown-toggle" href="#">
<span class="ico"><i class="fa fa-bug"></i></span>
</a>
</li>
<li class="nav-item dropdown" onclick="toggleView('category-view')">
<a id="nav-category" class="dropdown-toggle" href="#">
<span class="ico"><i class="fa fa-tag"></i></span>
</a>
</li>
<li class="nav-item dropdown" onclick="toggleView('dashboard-view')">
<a id="nav-dashboard" class="dropdown-toggle" href="#">
<span class="ico"><i class="fa fa-bar-chart"></i></span>
</a>
</li>
</ul>
</div>
</div>      <div class="vcontainer">
        <div class="main-content">
<div class="test-wrapper row view test-view">
  <div class="test-list">
    <div class="test-list-tools">
<ul class="tools pull-left">
<li><a href="#"><span class="font-size-14">Tests</span></a></li>
</ul>
<ul class="tools text-right">
<li class="dropdown">
<a href="#" class="dropdown-toggle" data-toggle="dropdown"><i class="fa fa-exclamation-circle"></i></a>
<ul id="status-toggle" class="dropdown-menu dropdown-md p-v-0">
<a class="dropdown-item" status="pass" href="#"><span>Pass</span><span class="status success"></span></a>
<a class="dropdown-item" status="fail" href="#"><span>Fail</span><span class="status danger"></span></a>
<div class="dropdown-divider"></div>
<a status="clear" class="dropdown-item" href="#"><span>Clear</span><span class="pull-right"><i class="fa fa-close"></i></span></a>
</ul>
</li>
<li class="dropdown">
<a href="#" class="dropdown-toggle" data-toggle="dropdown"><i class="fa fa-tag"></i></a>
<ul id="tag-toggle" class="dropdown-menu dropdown-md p-v-0">
<a class="dropdown-item" href="#">@button</a><a class="dropdown-item" href="#">@smoke</a>
</ul>
</li>
</ul>
</div>    <div class="test-list-wrapper scrollable">
      <ul class="test-list-item">
        <li class="test-item"  status="pass" test-id="1"
          author=""
          tag=""
          device="">
          <div class="test-detail">
            <p class="name">Amazon</p>
            <p class="text-sm">
              <span>07:50:38 AM</span> / <span>30:00:024</span>
              <span class="badge pass-bg log float-right">Pass</span>
            </p>
          </div>
          <div class="test-contents d-none">
<div class="detail-head">
<div class="p-v-10">
<div class="info">
<h5 class="test-status text-pass">Amazon</h5>
<span class='badge badge-success'>03.06.2022 07:50:38</span>
<span class='badge badge-danger'>03.06.2022 07:50:38</span>
<span class='badge badge-default'>30:00:024</span>
&middot; <span class='uri-anchor badge badge-default'>#test-id=1</span>
</div>
<div class="m-t-10 m-l-5"></div>
</div>
</div>
<div class="accordion mt-4">
  <div class="card">
    <div class="card-header" role="tab">
      <div class="card-title">
        <div class="node" id="2"><span class="badge log pass-bg mr-2">Pass</span>Search a product</div>
      </div>
    </div>
        <div class="collapse">
          <div class="card-body">
              <div class="step pass-bg" title="StepDefinations.Amazon_search.i_have_a_search_field_on_amazone_page()">
                <span>Given i have a search field on amazone page</span>
      <div>
      </div>
              </div>
              <div class="step pass-bg" title="StepDefinations.Amazon_search.i_search_for_a_product_with_name_and_price(java.lang.String,java.lang.Integer)">
                <span>When i search for a product with name "fan" and price 1000</span>
      <div>
      </div>
              </div>
              <div class="step pass-bg" title="StepDefinations.Amazon_search.product_with_name_should_be_diplayed(java.lang.String)">
                <span>Then product with name "fan" should be diplayed</span>
      <div>
      </div>
              </div>
          </div>
        </div>
  </div>
</div>
          </div>
        </li>
        <li class="test-item"  status="pass" test-id="6"
          author=""
          tag=""
          device="">
          <div class="test-detail">
            <p class="name">Test button</p>
            <p class="text-sm">
              <span>07:50:38 AM</span> / <span>30:10:140</span>
              <span class="badge pass-bg log float-right">Pass</span>
            </p>
          </div>
          <div class="test-contents d-none">
<div class="detail-head">
<div class="p-v-10">
<div class="info">
<h5 class="test-status text-pass">Test button</h5>
<span class='badge badge-success'>03.06.2022 07:50:38</span>
<span class='badge badge-danger'>03.06.2022 07:50:48</span>
<span class='badge badge-default'>30:10:140</span>
&middot; <span class='uri-anchor badge badge-default'>#test-id=6</span>
</div>
<div class="m-t-10 m-l-5"></div>
</div>
</div>
<div class="accordion mt-4">
  <div class="card">
    <div class="card-header" role="tab">
      <div class="card-title">
        <div class="node" id="7"><span class="badge log pass-bg mr-2">Pass</span>Check button is working</div>
      </div>
    </div>
        <div class="collapse">
          <div class="card-body">
              <div class="step pass-bg" title="StepDefinations.Button_login.open_browser()">
                <span>Given open browser</span>
      <div>
      </div>
              </div>
              <div class="step pass-bg" title="StepDefinations.Button_login.user_is_navigating_to_path()">
                <span>And user is navigating to path</span>
      <div>
      </div>
              </div>
              <div class="step pass-bg" title="StepDefinations.Button_login.user_is_on_button_tab()">
                <span>When user is on button tab</span>
      <div>
      </div>
              </div>
              <div class="step pass-bg" title="StepDefinations.Button_login.button_clicked_by_user()">
                <span>Then button clicked by user</span>
      <div>
      </div>
              </div>
              <div class="step pass-bg" title="StepDefinations.Button_login.a_message_will_be_shown_up()">
                <span>Then A message will be shown up</span>
      <div>
      </div>
              </div>
          </div>
        </div>
  </div>
</div>
          </div>
        </li>
        <li class="test-item"  status="pass" test-id="13"
          author=""
          tag=""
          device="">
          <div class="test-detail">
            <p class="name">feature to test Google search function</p>
            <p class="text-sm">
              <span>07:50:48 AM</span> / <span>30:06:782</span>
              <span class="badge pass-bg log float-right">Pass</span>
            </p>
          </div>
          <div class="test-contents d-none">
<div class="detail-head">
<div class="p-v-10">
<div class="info">
<h5 class="test-status text-pass">feature to test Google search function</h5>
<span class='badge badge-success'>03.06.2022 07:50:48</span>
<span class='badge badge-danger'>03.06.2022 07:50:55</span>
<span class='badge badge-default'>30:06:782</span>
&middot; <span class='uri-anchor badge badge-default'>#test-id=13</span>
</div>
<div class="m-t-10 m-l-5"></div>
</div>
</div>
<div class="accordion mt-4">
  <div class="card">
    <div class="card-header" role="tab">
      <div class="card-title">
        <div class="node" id="14"><span class="badge log pass-bg mr-2">Pass</span>verify google search is working</div>
      </div>
    </div>
        <div class="scenario_outline collapse">
            <div class="card-body l1">
              <div class="card-header">
                <div class="card-title outline-child">
                  <div class="node" id="15"><span class="badge log pass-bg mr-2">Pass</span>verify google search is working</div>
                </div>
              </div>
              <div class="card-body mt-3 collapse">
                  <div class="step pass-bg">
                    <span>Given browser is opening</span>
      <div>
      </div>
                  </div>
                  <div class="step pass-bg">
                    <span>And user is on google search page</span>
      <div>
      </div>
                  </div>
                  <div class="step pass-bg">
                    <span>When user enters a bird in search box</span>
      <div>
      </div>
                  </div>
                  <div class="step pass-bg">
                    <span>And hits enter</span>
      <div>
      </div>
                  </div>
                  <div class="step pass-bg">
                    <span>Then user is navigated to search results</span>
      <div>
      </div>
                  </div>
              </div>
            </div>
        </div>
  </div>
</div>
          </div>
        </li>
        <li class="test-item"  status="fail" test-id="21"
          author=""
          tag=""
          device="">
          <div class="test-detail">
            <p class="name">Test login functionality</p>
            <p class="text-sm">
              <span>07:50:55 AM</span> / <span>33:42:185</span>
              <span class="badge fail-bg log float-right">Fail</span>
            </p>
          </div>
          <div class="test-contents d-none">
<div class="detail-head">
<div class="p-v-10">
<div class="info">
<h5 class="test-status text-fail">Test login functionality</h5>
<span class='badge badge-success'>03.06.2022 07:50:55</span>
<span class='badge badge-danger'>03.06.2022 07:54:37</span>
<span class='badge badge-default'>33:42:185</span>
&middot; <span class='uri-anchor badge badge-default'>#test-id=21</span>
</div>
<div class="m-t-10 m-l-5"></div>
</div>
</div>
<div class="accordion mt-4">
  <div class="card">
    <div class="card-header" role="tab">
      <div class="card-title">
        <div class="node" id="22"><span class="badge log fail-bg mr-2">Fail</span>Check login is sucessful</div>
      </div>
    </div>
        <div class="scenario_outline ">
            <div class="card-body l1">
              <div class="card-header">
                <div class="card-title outline-child">
                  <div class="node" id="23"><span class="badge log fail-bg mr-2">Fail</span>Check login is sucessful</div>
                </div>
              </div>
              <div class="card-body mt-3 ">
                  <div class="step pass-bg">
                    <span>Given Browser is opening</span>
      <div>
      </div>
                  </div>
                  <div class="step pass-bg">
                    <span>And user is on login  page</span>
      <div>
      </div>
                  </div>
                  <div class="step pass-bg">
                    <span>When user enters 8171765673 and Shivu@srd1</span>
      <div>
      </div>
                  </div>
                  <div class="step pass-bg">
                    <span>Then user is navigated to the home page</span>
      <div>
      </div>
                  </div>
                  <div class="step fail-bg">
                    <span>Then user enters shoes name</span>
      <div>
        <textarea disabled class="code-block">org.openqa.selenium.StaleElementReferenceException: stale element reference: element is not attached to the page document
  (Session info: chrome=98.0.4758.102)
For documentation on this error, please visit: https://selenium.dev/exceptions/#stale_element_reference
Build info: version: '4.1.2', revision: '9a5a329c5a'
System info: host: 'DESKTOP-493EAAE', ip: '192.168.1.4', os.name: 'Windows 10', os.arch: 'amd64', os.version: '10.0', java.version: '11.0.12'
Driver info: org.openqa.selenium.chrome.ChromeDriver
Command: [50ad34fe0788bc898a051edf010acb7c, sendKeysToElement {id=7dad25ff-fa0c-4203-91fa-072ff011d31c, value=[Ljava.lang.CharSequence;@7d0100ea}]
Capabilities {acceptInsecureCerts: false, browserName: chrome, browserVersion: 98.0.4758.102, chrome: {chromedriverVersion: 98.0.4758.102 (273bf7ac8c90..., userDataDir: C:\Windows\TEMP\scoped_dir3...}, goog:chromeOptions: {debuggerAddress: localhost:49297}, javascriptEnabled: true, networkConnectionEnabled: false, pageLoadStrategy: normal, platform: WINDOWS, platformName: WINDOWS, proxy: Proxy(), se:cdp: ws://localhost:49297/devtoo..., se:cdpVersion: 98.0.4758.102, setWindowRect: true, strictFileInteractability: false, timeouts: {implicit: 0, pageLoad: 300000, script: 30000}, unhandledPromptBehavior: dismiss and notify, webauthn:extension:credBlob: true, webauthn:extension:largeBlob: true, webauthn:virtualAuthenticators: true}
Element: [[ChromeDriver: chrome on WINDOWS (50ad34fe0788bc898a051edf010acb7c)] -> xpath: //*[@class="_3704LK"]]
Session ID: 50ad34fe0788bc898a051edf010acb7c
	at java.base/jdk.internal.reflect.NativeConstructorAccessorImpl.newInstance0(Native Method)
	at java.base/jdk.internal.reflect.NativeConstructorAccessorImpl.newInstance(NativeConstructorAccessorImpl.java:62)
	at java.base/jdk.internal.reflect.DelegatingConstructorAccessorImpl.newInstance(DelegatingConstructorAccessorImpl.java:45)
	at java.base/java.lang.reflect.Constructor.newInstance(Constructor.java:490)
	at org.openqa.selenium.remote.codec.w3c.W3CHttpResponseCodec.createException(W3CHttpResponseCodec.java:200)
	at org.openqa.selenium.remote.codec.w3c.W3CHttpResponseCodec.decode(W3CHttpResponseCodec.java:133)
	at org.openqa.selenium.remote.codec.w3c.W3CHttpResponseCodec.decode(W3CHttpResponseCodec.java:53)
	at org.openqa.selenium.remote.HttpCommandExecutor.execute(HttpCommandExecutor.java:184)
	at org.openqa.selenium.remote.service.DriverCommandExecutor.invokeExecute(DriverCommandExecutor.java:167)
	at org.openqa.selenium.remote.service.DriverCommandExecutor.execute(DriverCommandExecutor.java:142)
	at org.openqa.selenium.remote.RemoteWebDriver.execute(RemoteWebDriver.java:558)
	at org.openqa.selenium.remote.RemoteWebElement.execute(RemoteWebElement.java:251)
	at org.openqa.selenium.remote.RemoteWebElement.sendKeys(RemoteWebElement.java:107)
	at java.base/jdk.internal.reflect.NativeMethodAccessorImpl.invoke0(Native Method)
	at java.base/jdk.internal.reflect.NativeMethodAccessorImpl.invoke(NativeMethodAccessorImpl.java:62)
	at java.base/jdk.internal.reflect.DelegatingMethodAccessorImpl.invoke(DelegatingMethodAccessorImpl.java:43)
	at java.base/java.lang.reflect.Method.invoke(Method.java:566)
	at org.openqa.selenium.support.pagefactory.internal.LocatingElementHandler.invoke(LocatingElementHandler.java:52)
	at com.sun.proxy.$Proxy24.sendKeys(Unknown Source)
	at pages.Login_page.search(Login_page.java:51)
	at StepDefinations.Logindemo.user_enters_shoes_name(Logindemo.java:60)
	at ?.user enters shoes name(file:///C:/Users/dubey/Downloads/Cucumber_demo/src/test/resources/Features/Logindemo.feature:8)
</textarea>
      
      </div>
                  </div>
              </div>
            </div>
            <div class="card-body l1">
              <div class="card-header">
                <div class="card-title outline-child">
                  <div class="node" id="29"><span class="badge log fail-bg mr-2">Fail</span>Check login is sucessful</div>
                </div>
              </div>
              <div class="card-body mt-3 ">
                  <div class="step fail-bg">
                    <span>Given Browser is opening</span>
      <div>
        <textarea disabled class="code-block">org.openqa.selenium.SessionNotCreatedException: Could not start a new session. Possible causes are invalid address of the remote server or browser start-up failure.
Build info: version: '4.1.2', revision: '9a5a329c5a'
System info: host: 'DESKTOP-493EAAE', ip: '192.168.1.4', os.name: 'Windows 10', os.arch: 'amd64', os.version: '10.0', java.version: '11.0.12'
Driver info: org.openqa.selenium.chrome.ChromeDriver
Command: [null, newSession {capabilities=[Capabilities {browserName: chrome, goog:chromeOptions: {args: [], extensions: []}}], desiredCapabilities=Capabilities {browserName: chrome, goog:chromeOptions: {args: [], extensions: []}}}]
	at org.openqa.selenium.remote.RemoteWebDriver.execute(RemoteWebDriver.java:576)
	at org.openqa.selenium.remote.RemoteWebDriver.startSession(RemoteWebDriver.java:245)
	at org.openqa.selenium.remote.RemoteWebDriver.<init>(RemoteWebDriver.java:161)
	at org.openqa.selenium.chromium.ChromiumDriver.<init>(ChromiumDriver.java:108)
	at org.openqa.selenium.chrome.ChromeDriver.<init>(ChromeDriver.java:106)
	at org.openqa.selenium.chrome.ChromeDriver.<init>(ChromeDriver.java:93)
	at org.openqa.selenium.chrome.ChromeDriver.<init>(ChromeDriver.java:48)
	at StepDefinations.Logindemo.browser_is_opening(Logindemo.java:28)
	at ?.Browser is opening(file:///C:/Users/dubey/Downloads/Cucumber_demo/src/test/resources/Features/Logindemo.feature:4)
Caused by: java.io.UncheckedIOException: java.io.IOException: Stream closed
	at org.openqa.selenium.remote.http.netty.NettyHttpHandler.makeCall(NettyHttpHandler.java:80)
	at org.openqa.selenium.remote.http.RetryRequest.lambda$apply$6(RetryRequest.java:80)
	at net.jodah.failsafe.Functions.lambda$get$0(Functions.java:48)
	at net.jodah.failsafe.RetryPolicyExecutor.lambda$supply$0(RetryPolicyExecutor.java:66)
	at net.jodah.failsafe.RetryPolicyExecutor.lambda$supply$0(RetryPolicyExecutor.java:66)
	at net.jodah.failsafe.RetryPolicyExecutor.lambda$supply$0(RetryPolicyExecutor.java:66)
	at net.jodah.failsafe.Execution.executeSync(Execution.java:128)
	at net.jodah.failsafe.FailsafeExecutor.call(FailsafeExecutor.java:379)
	at net.jodah.failsafe.FailsafeExecutor.get(FailsafeExecutor.java:68)
	at org.openqa.selenium.remote.http.RetryRequest.lambda$apply$7(RetryRequest.java:80)
	at org.openqa.selenium.remote.http.AddSeleniumUserAgent.lambda$apply$0(AddSeleniumUserAgent.java:42)
	at org.openqa.selenium.remote.http.Filter.lambda$andFinally$1(Filter.java:56)
	at org.openqa.selenium.remote.http.netty.NettyHttpHandler.execute(NettyHttpHandler.java:51)
	at org.openqa.selenium.remote.http.RetryRequest.lambda$apply$6(RetryRequest.java:80)
	at net.jodah.failsafe.Functions.lambda$get$0(Functions.java:48)
	at net.jodah.failsafe.RetryPolicyExecutor.lambda$supply$0(RetryPolicyExecutor.java:66)
	at net.jodah.failsafe.RetryPolicyExecutor.lambda$supply$0(RetryPolicyExecutor.java:66)
	at net.jodah.failsafe.RetryPolicyExecutor.lambda$supply$0(RetryPolicyExecutor.java:66)
	at net.jodah.failsafe.Execution.executeSync(Execution.java:128)
	at net.jodah.failsafe.FailsafeExecutor.call(FailsafeExecutor.java:379)
	at net.jodah.failsafe.FailsafeExecutor.get(FailsafeExecutor.java:68)
	at org.openqa.selenium.remote.http.RetryRequest.lambda$apply$7(RetryRequest.java:80)
	at org.openqa.selenium.remote.http.AddSeleniumUserAgent.lambda$apply$0(AddSeleniumUserAgent.java:42)
	at org.openqa.selenium.remote.http.Filter.lambda$andFinally$1(Filter.java:56)
	at org.openqa.selenium.remote.http.netty.NettyClient.execute(NettyClient.java:110)
	at org.openqa.selenium.remote.ProtocolHandshake.createSession(ProtocolHandshake.java:102)
	at org.openqa.selenium.remote.ProtocolHandshake.createSession(ProtocolHandshake.java:84)
	at org.openqa.selenium.remote.ProtocolHandshake.createSession(ProtocolHandshake.java:62)
	at org.openqa.selenium.remote.HttpCommandExecutor.execute(HttpCommandExecutor.java:156)
	at org.openqa.selenium.remote.service.DriverCommandExecutor.invokeExecute(DriverCommandExecutor.java:167)
	at org.openqa.selenium.remote.service.DriverCommandExecutor.execute(DriverCommandExecutor.java:142)
	at org.openqa.selenium.remote.RemoteWebDriver.execute(RemoteWebDriver.java:558)
	at org.openqa.selenium.remote.RemoteWebDriver.startSession(RemoteWebDriver.java:245)
	at org.openqa.selenium.remote.RemoteWebDriver.<init>(RemoteWebDriver.java:161)
	at org.openqa.selenium.chromium.ChromiumDriver.<init>(ChromiumDriver.java:108)
	at org.openqa.selenium.chrome.ChromeDriver.<init>(ChromeDriver.java:106)
	at org.openqa.selenium.chrome.ChromeDriver.<init>(ChromeDriver.java:93)
	at org.openqa.selenium.chrome.ChromeDriver.<init>(ChromeDriver.java:48)
	at StepDefinations.Logindemo.browser_is_opening(Logindemo.java:28)
	at java.base/jdk.internal.reflect.NativeMethodAccessorImpl.invoke0(Native Method)
	at java.base/jdk.internal.reflect.NativeMethodAccessorImpl.invoke(NativeMethodAccessorImpl.java:62)
	at java.base/jdk.internal.reflect.DelegatingMethodAccessorImpl.invoke(DelegatingMethodAccessorImpl.java:43)
	at java.base/java.lang.reflect.Method.invoke(Method.java:566)
	at io.cucumber.java.Invoker.doInvoke(Invoker.java:66)
	at io.cucumber.java.Invoker.invoke(Invoker.java:24)
	at io.cucumber.java.AbstractGlueDefinition.invokeMethod(AbstractGlueDefinition.java:47)
	at io.cucumber.java.JavaStepDefinition.execute(JavaStepDefinition.java:29)
	at io.cucumber.core.runner.CoreStepDefinition.execute(CoreStepDefinition.java:66)
	at io.cucumber.core.runner.PickleStepDefinitionMatch.runStep(PickleStepDefinitionMatch.java:63)
	at io.cucumber.core.runner.ExecutionMode$1.execute(ExecutionMode.java:10)
	at io.cucumber.core.runner.TestStep.executeStep(TestStep.java:92)
	at io.cucumber.core.runner.TestStep.run(TestStep.java:64)
	at io.cucumber.core.runner.PickleStepTestStep.run(PickleStepTestStep.java:51)
	at io.cucumber.core.runner.TestCase.run(TestCase.java:104)
	at io.cucumber.core.runner.Runner.runPickle(Runner.java:73)
	at io.cucumber.junit.PickleRunners$NoStepDescriptions.run(PickleRunners.java:151)
	at io.cucumber.junit.FeatureRunner.runChild(FeatureRunner.java:135)
	at io.cucumber.junit.FeatureRunner.runChild(FeatureRunner.java:27)
	at org.junit.runners.ParentRunner$4.run(ParentRunner.java:331)
	at org.junit.runners.ParentRunner$1.schedule(ParentRunner.java:79)
	at org.junit.runners.ParentRunner.runChildren(ParentRunner.java:329)
	at org.junit.runners.ParentRunner.access$100(ParentRunner.java:66)
	at org.junit.runners.ParentRunner$2.evaluate(ParentRunner.java:293)
	at org.junit.runners.ParentRunner$3.evaluate(ParentRunner.java:306)
	at org.junit.runners.ParentRunner.run(ParentRunner.java:413)
	at io.cucumber.junit.Cucumber.runChild(Cucumber.java:200)
	at io.cucumber.junit.Cucumber.runChild(Cucumber.java:90)
	at org.junit.runners.ParentRunner$4.run(ParentRunner.java:331)
	at org.junit.runners.ParentRunner$1.schedule(ParentRunner.java:79)
	at org.junit.runners.ParentRunner.runChildren(ParentRunner.java:329)
	at org.junit.runners.ParentRunner.access$100(ParentRunner.java:66)
	at org.junit.runners.ParentRunner$2.evaluate(ParentRunner.java:293)
	at io.cucumber.junit.Cucumber$RunCucumber.evaluate(Cucumber.java:235)
	at org.junit.runners.ParentRunner$3.evaluate(ParentRunner.java:306)
	at org.junit.runners.ParentRunner.run(ParentRunner.java:413)
	at org.apache.maven.surefire.junit4.JUnit4Provider.execute(JUnit4Provider.java:364)
	at org.apache.maven.surefire.junit4.JUnit4Provider.executeWithRerun(JUnit4Provider.java:272)
	at org.apache.maven.surefire.junit4.JUnit4Provider.executeTestSet(JUnit4Provider.java:237)
	at org.apache.maven.surefire.junit4.JUnit4Provider.invoke(JUnit4Provider.java:158)
	at org.apache.maven.surefire.booter.ForkedBooter.runSuitesInProcess(ForkedBooter.java:428)
	at org.apache.maven.surefire.booter.ForkedBooter.execute(ForkedBooter.java:162)
	at org.apache.maven.surefire.booter.ForkedBooter.run(ForkedBooter.java:562)
	at org.apache.maven.surefire.booter.ForkedBooter.main(ForkedBooter.java:548)
Caused by: java.io.IOException: Stream closed
	at java.base/java.io.BufferedInputStream.getInIfOpen(BufferedInputStream.java:165)
	at java.base/java.io.BufferedInputStream.available(BufferedInputStream.java:416)
	at java.base/java.io.FilterInputStream.available(FilterInputStream.java:167)
	at java.base/java.io.PushbackInputStream.available(PushbackInputStream.java:274)
	at io.netty.handler.stream.ChunkedStream.isEndOfInput(ChunkedStream.java:82)
	at io.netty.handler.stream.ChunkedStream.readChunk(ChunkedStream.java:109)
	at io.netty.handler.stream.ChunkedStream.readChunk(ChunkedStream.java:36)
	at io.netty.handler.stream.ChunkedWriteHandler.doFlush(ChunkedWriteHandler.java:229)
	at io.netty.handler.stream.ChunkedWriteHandler.flush(ChunkedWriteHandler.java:131)
	at io.netty.channel.AbstractChannelHandlerContext.invokeFlush0(AbstractChannelHandlerContext.java:750)
	at io.netty.channel.AbstractChannelHandlerContext.invokeWriteAndFlush(AbstractChannelHandlerContext.java:765)
	at io.netty.channel.AbstractChannelHandlerContext.write(AbstractChannelHandlerContext.java:790)
	at io.netty.channel.AbstractChannelHandlerContext.writeAndFlush(AbstractChannelHandlerContext.java:758)
	at io.netty.channel.DefaultChannelPipeline.writeAndFlush(DefaultChannelPipeline.java:1020)
	at io.netty.channel.AbstractChannel.writeAndFlush(AbstractChannel.java:311)
	at org.asynchttpclient.netty.request.body.NettyInputStreamBody.write(NettyInputStreamBody.java:77)
	at org.asynchttpclient.netty.request.NettyRequestSender.writeRequest(NettyRequestSender.java:433)
	at org.asynchttpclient.netty.channel.NettyConnectListener.writeRequest(NettyConnectListener.java:80)
	at org.asynchttpclient.netty.channel.NettyConnectListener.onSuccess(NettyConnectListener.java:156)
	at org.asynchttpclient.netty.channel.NettyChannelConnector$1.onSuccess(NettyChannelConnector.java:92)
	at org.asynchttpclient.netty.SimpleChannelFutureListener.operationComplete(SimpleChannelFutureListener.java:26)
	at org.asynchttpclient.netty.SimpleChannelFutureListener.operationComplete(SimpleChannelFutureListener.java:20)
	at io.netty.util.concurrent.DefaultPromise.notifyListener0(DefaultPromise.java:578)
	at io.netty.util.concurrent.DefaultPromise.notifyListeners0(DefaultPromise.java:571)
	at io.netty.util.concurrent.DefaultPromise.notifyListenersNow(DefaultPromise.java:550)
	at io.netty.util.concurrent.DefaultPromise.notifyListeners(DefaultPromise.java:491)
	at io.netty.util.concurrent.DefaultPromise.setValue0(DefaultPromise.java:616)
	at io.netty.util.concurrent.DefaultPromise.setSuccess0(DefaultPromise.java:605)
	at io.netty.util.concurrent.DefaultPromise.trySuccess(DefaultPromise.java:104)
	at io.netty.channel.DefaultChannelPromise.trySuccess(DefaultChannelPromise.java:84)
	at io.netty.channel.nio.AbstractNioChannel$AbstractNioUnsafe.fulfillConnectPromise(AbstractNioChannel.java:300)
	at io.netty.channel.nio.AbstractNioChannel$AbstractNioUnsafe.finishConnect(AbstractNioChannel.java:335)
	at io.netty.channel.nio.NioEventLoop.processSelectedKey(NioEventLoop.java:710)
	at io.netty.channel.nio.NioEventLoop.processSelectedKeysOptimized(NioEventLoop.java:658)
	at io.netty.channel.nio.NioEventLoop.processSelectedKeys(NioEventLoop.java:584)
	at io.netty.channel.nio.NioEventLoop.run(NioEventLoop.java:496)
	at io.netty.util.concurrent.SingleThreadEventExecutor$4.run(SingleThreadEventExecutor.java:986)
	at io.netty.util.internal.ThreadExecutorMap$2.run(ThreadExecutorMap.java:74)
	at io.netty.util.concurrent.FastThreadLocalRunnable.run(FastThreadLocalRunnable.java:30)
	at java.base/java.lang.Thread.run(Thread.java:834)
</textarea>
      
      </div>
                  </div>
                  <div class="step skip-bg">
                    <span>And user is on login  page</span>
      <div>Step skipped
      </div>
                  </div>
                  <div class="step skip-bg">
                    <span>When user enters 8171765673 and Shivu@srd1</span>
      <div>Step skipped
      </div>
                  </div>
                  <div class="step skip-bg">
                    <span>Then user is navigated to the home page</span>
      <div>Step skipped
      </div>
                  </div>
                  <div class="step skip-bg">
                    <span>Then user enters bagpack name</span>
      <div>Step skipped
      </div>
                  </div>
              </div>
            </div>
            <div class="card-body l1">
              <div class="card-header">
                <div class="card-title outline-child">
                  <div class="node" id="35"><span class="badge log pass-bg mr-2">Pass</span>Check login is sucessful</div>
                </div>
              </div>
              <div class="card-body mt-3 collapse">
                  <div class="step pass-bg">
                    <span>Given Browser is opening</span>
      <div>
      </div>
                  </div>
                  <div class="step pass-bg">
                    <span>And user is on login  page</span>
      <div>
      </div>
                  </div>
                  <div class="step pass-bg">
                    <span>When user enters 8171765673 and Shivu@srd1</span>
      <div>
      </div>
                  </div>
                  <div class="step pass-bg">
                    <span>Then user is navigated to the home page</span>
      <div>
      </div>
                  </div>
                  <div class="step pass-bg">
                    <span>Then user enters heater name</span>
      <div>
      </div>
                  </div>
              </div>
            </div>
            <div class="card-body l1">
              <div class="card-header">
                <div class="card-title outline-child">
                  <div class="node" id="41"><span class="badge log fail-bg mr-2">Fail</span>Check login is sucessful</div>
                </div>
              </div>
              <div class="card-body mt-3 ">
                  <div class="step pass-bg">
                    <span>Given Browser is opening</span>
      <div>
      </div>
                  </div>
                  <div class="step pass-bg">
                    <span>And user is on login  page</span>
      <div>
      </div>
                  </div>
                  <div class="step fail-bg">
                    <span>When user enters 8171765673 and Shivu@srd1</span>
      <div>
        <textarea disabled class="code-block">org.openqa.selenium.NoSuchElementException: no such element: Unable to locate element: {"method":"xpath","selector":" //body/div[2]/div[1]/div[1]/div[1]/div[1]/div[2]/div[1]/form[1]/div[1]/input[1]"}
  (Session info: chrome=98.0.4758.102)
For documentation on this error, please visit: https://selenium.dev/exceptions/#no_such_element
Build info: version: '4.1.2', revision: '9a5a329c5a'
System info: host: 'DESKTOP-493EAAE', ip: '192.168.1.4', os.name: 'Windows 10', os.arch: 'amd64', os.version: '10.0', java.version: '11.0.12'
Driver info: org.openqa.selenium.chrome.ChromeDriver
Command: [8e3db737fb474b50c3f2d1c065b07d1c, findElement {using=xpath, value= //body/div[2]/div[1]/div[1]/div[1]/div[1]/div[2]/div[1]/form[1]/div[1]/input[1]}]
Capabilities {acceptInsecureCerts: false, browserName: chrome, browserVersion: 98.0.4758.102, chrome: {chromedriverVersion: 98.0.4758.102 (273bf7ac8c90..., userDataDir: C:\Windows\TEMP\scoped_dir4...}, goog:chromeOptions: {debuggerAddress: localhost:49689}, javascriptEnabled: true, networkConnectionEnabled: false, pageLoadStrategy: normal, platform: WINDOWS, platformName: WINDOWS, proxy: Proxy(), se:cdp: ws://localhost:49689/devtoo..., se:cdpVersion: 98.0.4758.102, setWindowRect: true, strictFileInteractability: false, timeouts: {implicit: 0, pageLoad: 300000, script: 30000}, unhandledPromptBehavior: dismiss and notify, webauthn:extension:credBlob: true, webauthn:extension:largeBlob: true, webauthn:virtualAuthenticators: true}
Session ID: 8e3db737fb474b50c3f2d1c065b07d1c
	at java.base/jdk.internal.reflect.NativeConstructorAccessorImpl.newInstance0(Native Method)
	at java.base/jdk.internal.reflect.NativeConstructorAccessorImpl.newInstance(NativeConstructorAccessorImpl.java:62)
	at java.base/jdk.internal.reflect.DelegatingConstructorAccessorImpl.newInstance(DelegatingConstructorAccessorImpl.java:45)
	at java.base/java.lang.reflect.Constructor.newInstance(Constructor.java:490)
	at org.openqa.selenium.remote.codec.w3c.W3CHttpResponseCodec.createException(W3CHttpResponseCodec.java:200)
	at org.openqa.selenium.remote.codec.w3c.W3CHttpResponseCodec.decode(W3CHttpResponseCodec.java:133)
	at org.openqa.selenium.remote.codec.w3c.W3CHttpResponseCodec.decode(W3CHttpResponseCodec.java:53)
	at org.openqa.selenium.remote.HttpCommandExecutor.execute(HttpCommandExecutor.java:184)
	at org.openqa.selenium.remote.service.DriverCommandExecutor.invokeExecute(DriverCommandExecutor.java:167)
	at org.openqa.selenium.remote.service.DriverCommandExecutor.execute(DriverCommandExecutor.java:142)
	at org.openqa.selenium.remote.RemoteWebDriver.execute(RemoteWebDriver.java:558)
	at org.openqa.selenium.remote.ElementLocation$ElementFinder$2.findElement(ElementLocation.java:162)
	at org.openqa.selenium.remote.ElementLocation.findElement(ElementLocation.java:60)
	at org.openqa.selenium.remote.RemoteWebDriver.findElement(RemoteWebDriver.java:382)
	at org.openqa.selenium.remote.RemoteWebDriver.findElement(RemoteWebDriver.java:374)
	at org.openqa.selenium.support.pagefactory.DefaultElementLocator.findElement(DefaultElementLocator.java:70)
	at org.openqa.selenium.support.pagefactory.internal.LocatingElementHandler.invoke(LocatingElementHandler.java:39)
	at com.sun.proxy.$Proxy24.sendKeys(Unknown Source)
	at pages.Login_page.gen(Login_page.java:41)
	at StepDefinations.Logindemo.user_enters_username_and_password(Logindemo.java:43)
	at ?.user enters 8171765673 and Shivu@srd1(file:///C:/Users/dubey/Downloads/Cucumber_demo/src/test/resources/Features/Logindemo.feature:6)
</textarea>
      
      </div>
                  </div>
                  <div class="step skip-bg">
                    <span>Then user is navigated to the home page</span>
      <div>Step skipped
      </div>
                  </div>
                  <div class="step skip-bg">
                    <span>Then user enters mobile name</span>
      <div>Step skipped
      </div>
                  </div>
              </div>
            </div>
            <div class="card-body l1">
              <div class="card-header">
                <div class="card-title outline-child">
                  <div class="node" id="47"><span class="badge log pass-bg mr-2">Pass</span>Check login is sucessful</div>
                </div>
              </div>
              <div class="card-body mt-3 collapse">
                  <div class="step pass-bg">
                    <span>Given Browser is opening</span>
      <div>
      </div>
                  </div>
                  <div class="step pass-bg">
                    <span>And user is on login  page</span>
      <div>
      </div>
                  </div>
                  <div class="step pass-bg">
                    <span>When user enters 8171765673 and Shivu@srd1</span>
      <div>
      </div>
                  </div>
                  <div class="step pass-bg">
                    <span>Then user is navigated to the home page</span>
      <div>
      </div>
                  </div>
                  <div class="step pass-bg">
                    <span>Then user enters games name</span>
      <div>
      </div>
                  </div>
              </div>
            </div>
        </div>
  </div>
</div>
          </div>
        </li>
        <li class="test-item"  status="pass" test-id="53"
          author=""
          tag=""
          device="">
          <div class="test-detail">
            <p class="name">feature to test login</p>
            <p class="text-sm">
              <span>07:54:37 AM</span> / <span>30:05:009</span>
              <span class="badge pass-bg log float-right">Pass</span>
            </p>
          </div>
          <div class="test-contents d-none">
<div class="detail-head">
<div class="p-v-10">
<div class="info">
<h5 class="test-status text-pass">feature to test login</h5>
<span class='badge badge-success'>03.06.2022 07:54:37</span>
<span class='badge badge-danger'>03.06.2022 07:54:42</span>
<span class='badge badge-default'>30:05:009</span>
&middot; <span class='uri-anchor badge badge-default'>#test-id=53</span>
</div>
<div class="m-t-10 m-l-5"></div>
</div>
</div>
<div class="accordion mt-4">
  <div class="card">
    <div class="card-header" role="tab">
      <div class="card-title">
        <div class="node" id="54"><span class="badge log pass-bg mr-2">Pass</span>to check login with valid cred</div>
      </div>
    </div>
        <div class="collapse">
          <div class="card-body">
              <div class="step pass-bg" title="StepDefinations.Login.is_on_login_page()">
                <span>Given is on login page</span>
      <div>
      </div>
              </div>
              <div class="step pass-bg" title="StepDefinations.Login.user_enters_username_and_password()">
                <span>When user enters valid cred</span>
      <div>
      </div>
              </div>
              <div class="step pass-bg" title="StepDefinations.Login.cicks_on_login_button()">
                <span>And cicks on login button</span>
      <div>
      </div>
              </div>
              <div class="step pass-bg" title="StepDefinations.Login.user_is_navigated_to_the_home_page()">
                <span>Then user is navigated to the page</span>
      <div>
      </div>
              </div>
          </div>
        </div>
  </div>
</div>
          </div>
        </li>
      </ul>
    </div>
  </div>
<div class="test-content scrollable">
<div class="test-content-tools">
<ul><li><a class="back-to-test" href="#"><i class="fa fa-arrow-left"></i></a></li></ul>
</div>
<div class="test-content-detail"><div class="detail-body"></div></div>
</div></div>
<div class="test-wrapper row view exception-view attributes-view">
<div class="test-list">
<div class="test-list-tools">
<ul class="tools pull-left"><li><a href=""><span class="font-size-14">Exception</span></a></li></ul>
<ul class="tools text-right"><li><a href="#"><span class="badge badge-primary">3</span></a></li></ul>
</div>
<div class="test-list-wrapper scrollable">
<ul class="test-list-item">
<li class="test-item">
<div class="test-detail">
<span class="meta">
<span class='badge log badge-danger'>1</span>
</span>
<p class="name">org.openqa.selenium.SessionNotCreatedException</p>
<p class="duration text-sm">1 tests</p>
</div>
<div class="test-contents d-none">
<div class="info">
<h4>org.openqa.selenium.SessionNotCreatedException</h4>
<span status="fail" class='badge log badge-danger'>1 failed</span>
</div>
<table class='table table-sm mt-4'>
<thead>
<tr>
<th class="status-col">Status</th>
<th class="timestamp-col">Timestamp</th>
<th>TestName</th>
</tr>
</thead>
<tbody>
<tr class="tag-test-status" status="fail">
<td><span class="badge log fail-bg">Fail</span></td>
<td>07:51:02 AM</td>
<td>
<a href="#" class="linked" test-id='21' id='30'>Given Browser is opening</a>
<div class="">
<span class="badge badge-default">Test login functionality.Check login is sucessful.Given Browser is opening</span>
</div>
</td>
</tr>
</tbody>
</table>
</div>
</li>
<li class="test-item">
<div class="test-detail">
<span class="meta">
<span class='badge log badge-danger'>1</span>
</span>
<p class="name">org.openqa.selenium.StaleElementReferenceException</p>
<p class="duration text-sm">1 tests</p>
</div>
<div class="test-contents d-none">
<div class="info">
<h4>org.openqa.selenium.StaleElementReferenceException</h4>
<span status="fail" class='badge log badge-danger'>1 failed</span>
</div>
<table class='table table-sm mt-4'>
<thead>
<tr>
<th class="status-col">Status</th>
<th class="timestamp-col">Timestamp</th>
<th>TestName</th>
</tr>
</thead>
<tbody>
<tr class="tag-test-status" status="fail">
<td><span class="badge log fail-bg">Fail</span></td>
<td>07:51:00 AM</td>
<td>
<a href="#" class="linked" test-id='21' id='28'>Then user enters shoes name</a>
<div class="">
<span class="badge badge-default">Test login functionality.Check login is sucessful.Then user enters shoes name</span>
</div>
</td>
</tr>
</tbody>
</table>
</div>
</li>
<li class="test-item">
<div class="test-detail">
<span class="meta">
<span class='badge log badge-danger'>1</span>
</span>
<p class="name">org.openqa.selenium.NoSuchElementException</p>
<p class="duration text-sm">1 tests</p>
</div>
<div class="test-contents d-none">
<div class="info">
<h4>org.openqa.selenium.NoSuchElementException</h4>
<span status="fail" class='badge log badge-danger'>1 failed</span>
</div>
<table class='table table-sm mt-4'>
<thead>
<tr>
<th class="status-col">Status</th>
<th class="timestamp-col">Timestamp</th>
<th>TestName</th>
</tr>
</thead>
<tbody>
<tr class="tag-test-status" status="fail">
<td><span class="badge log fail-bg">Fail</span></td>
<td>07:54:26 AM</td>
<td>
<a href="#" class="linked" test-id='21' id='44'>When user enters 8171765673 and Shivu@srd1</a>
<div class="">
<span class="badge badge-default">Test login functionality.Check login is sucessful.When user enters 8171765673 and Shivu@srd1</span>
</div>
</td>
</tr>
</tbody>
</table>
</div>
</li>
</ul>
</div>
</div>
<div class="test-content scrollable">
<div class="test-content-detail">
<div class="detail-body"></div>
</div>
</div>
</div><div class="test-wrapper row view category-view attributes-view">
<div class="test-list">
<div class="test-list-tools">
<ul class="tools pull-left"><li><a href=""><span class="font-size-14">Category</span></a></li></ul>
<ul class="tools text-right"><li><a href="#"><span class="badge badge-primary">2</span></a></li></ul>
</div>
<div class="test-list-wrapper scrollable">
<ul class="test-list-item">
<li class="test-item">
<div class="test-detail">
<span class="meta">
<span class='badge log pass-bg'>1</span>
</span>
<p class="name">@button</p>
<p class="duration text-sm">1 tests</p>
</div>
<div class="test-contents d-none">
<div class="info">
<h4>@button</h4>
<span status="pass" class='badge log pass-bg'>1 passed</span>
</div>
<table class='table table-sm mt-4'>
<thead>
<tr>
<th class="status-col">Status</th>
<th class="timestamp-col">Timestamp</th>
<th>TestName</th>
</tr>
</thead>
<tbody>
<tr class="tag-test-status" status="pass">
<td><span class="badge log pass-bg">Pass</span></td>
<td>07:50:38 AM</td>
<td>
<a href="#" class="linked" test-id='6' id='7'>Check button is working</a>
<div class="">
<span class="badge badge-default">Test button.Check button is working</span>
</div>
</td>
</tr>
</tbody>
</table>
</div>
</li>
<li class="test-item">
<div class="test-detail">
<span class="meta">
<span class='badge log pass-bg'>2</span>
<span class='badge log badge-danger'>4</span>
</span>
<p class="name">@smoke</p>
<p class="duration text-sm">6 tests</p>
</div>
<div class="test-contents d-none">
<div class="info">
<h4>@smoke</h4>
<span status="pass" class='badge log pass-bg'>2 passed</span>
<span status="fail" class='badge log badge-danger'>4 failed</span>
</div>
<table class='table table-sm mt-4'>
<thead>
<tr>
<th class="status-col">Status</th>
<th class="timestamp-col">Timestamp</th>
<th>TestName</th>
</tr>
</thead>
<tbody>
<tr class="tag-test-status" status="fail">
<td><span class="badge log fail-bg">Fail</span></td>
<td>07:50:55 AM</td>
<td>
<a href="#" class="linked" test-id='21' id='22'>Check login is sucessful</a>
<div class="">
<span class="badge badge-default">Test login functionality.Check login is sucessful</span>
</div>
</td>
</tr>
<tr class="tag-test-status" status="fail">
<td><span class="badge log fail-bg">Fail</span></td>
<td>07:50:55 AM</td>
<td>
<a href="#" class="linked" test-id='21' id='23'>Check login is sucessful</a>
<div class="">
<span class="badge badge-default">Test login functionality.Check login is sucessful</span>
</div>
</td>
</tr>
<tr class="tag-test-status" status="fail">
<td><span class="badge log fail-bg">Fail</span></td>
<td>07:51:02 AM</td>
<td>
<a href="#" class="linked" test-id='21' id='29'>Check login is sucessful</a>
<div class="">
<span class="badge badge-default">Test login functionality.Check login is sucessful</span>
</div>
</td>
</tr>
<tr class="tag-test-status" status="pass">
<td><span class="badge log pass-bg">Pass</span></td>
<td>07:54:16 AM</td>
<td>
<a href="#" class="linked" test-id='21' id='35'>Check login is sucessful</a>
<div class="">
<span class="badge badge-default">Test login functionality.Check login is sucessful</span>
</div>
</td>
</tr>
<tr class="tag-test-status" status="fail">
<td><span class="badge log fail-bg">Fail</span></td>
<td>07:54:22 AM</td>
<td>
<a href="#" class="linked" test-id='21' id='41'>Check login is sucessful</a>
<div class="">
<span class="badge badge-default">Test login functionality.Check login is sucessful</span>
</div>
</td>
</tr>
<tr class="tag-test-status" status="pass">
<td><span class="badge log pass-bg">Pass</span></td>
<td>07:54:31 AM</td>
<td>
<a href="#" class="linked" test-id='21' id='47'>Check login is sucessful</a>
<div class="">
<span class="badge badge-default">Test login functionality.Check login is sucessful</span>
</div>
</td>
</tr>
</tbody>
</table>
</div>
</li>
</ul>
</div>
</div>
<div class="test-content scrollable">
<div class="test-content-detail">
<div class="detail-body"></div>
</div>
</div>
</div><div class="container-fluid p-4 view dashboard-view">
<div class="row">
<div class="col-md-3">
<div class="card"><div class="card-body">
<p class="m-b-0">Started</p>
<h3>Mar 6, 2022 07:50:37 AM</h3>
</div></div>
</div>
<div class="col-md-3">
<div class="card"><div class="card-body">
<p class="m-b-0">Ended</p>
<h3>Mar 6, 2022 07:54:42 AM</h3>
</div></div>
</div>
<div class="col-md-3">
<div class="card"><div class="card-body">
<p class="m-b-0 text-pass">Features Passed</p>
<h3>4</h3>
</div></div>
</div>
<div class="col-md-3">
<div class="card"><div class="card-body">
<p class="m-b-0 text-fail">Features Failed</p>
<h3>1</h3>
</div></div>
</div>
</div>
<div class="row">
<div class="col-md-4">
<div class="card">
<div class="card-header">
<h6 class="card-title">Features</h6>
</div>
<div class="card-body">
<div class="">
<canvas id='parent-analysis' width='115' height='90'></canvas>
</div>
</div>
<div class="card-footer">
<div><small data-tooltip='80%'>
<b>4</b> features passed
</small>
</div>
<div>
<small data-tooltip='20%'><b>1</b> features failed,
<b>0</b> skipped, <b data-tooltip='0%'>0</b> others
</small>
</div>
</div>
</div>
</div>
<div class="col-md-4">
<div class="card">
<div class="card-header">
<h6 class="card-title">Scenarios</h6>
</div>
<div class="card-body">
<div class="">
<canvas id='child-analysis' width='115' height='90'></canvas>
</div>
</div>
<div class="card-footer">
<div><small data-tooltip='66%'><b>6</b> scenarios passed</small></div>
<div>
<small data-tooltip='33%'><b>3</b> scenarios failed,
<b>0</b> skipped, <b data-tooltip='%'>0</b> others
</small>
</div>
</div>
</div>
</div>
<div class="col-md-4">
<div class="card">
<div class="card-header">
<h6 class="card-title">Steps</h6>
</div>
<div class="card-body">
<div class="">
<canvas id='grandchild-analysis' width='115' height='90'></canvas>
</div>
</div>
<div class="card-footer">
<div><small data-tooltip='78%'><b>33</b> steps passed</small></div>
<div>
<small data-tooltip='7%'><b>3</b> steps failed,
<b>6</b> skipped, <b data-tooltip='%'>0</b> others
</small>
</div>
</div>
</div>
</div>
</div>
<div class="row"><div class="col-md-12">
<div class="card"><div class="card-header"><p>Timeline</p></div>
<div class="card-body pt-0"><div>
<canvas id="timeline" height="120"></canvas>
</div></div>
</div>
</div></div>
<script>
var timeline = {
"Amazon":0.024,"Test button":10.14,"feature to test Google search function":6.782,"Test login functionality":222.185,"feature to test login":5.009
};
</script>
<div class="row">
<div class="col-md-4 category-container">
<div class="card">
<div class="card-header"><p>Tags</p></div>
<div class="card-body pb-0 pt-0"><table class="table table-sm table-bordered">
<thead><tr class="bg-gray"><th>Name</th><th>Passed</th><th>Failed</th><th>Skipped</th><th>Others</th><th>Passed %</th></tr></thead><tbody>
<tr>
<td>@button</td>
<td>1</td>
<td>0</td>
<td>0</td>
<td>0</td>
<td>100%</td>
</tr>
<tr>
<td>@smoke</td>
<td>2</td>
<td>4</td>
<td>0</td>
<td>0</td>
<td>33.333%</td>
</tr>
</tbody>
</table></div>
</div>
</div>
<div class="col-md-4 sysenv-container">
<div class="card">
<div class="card-header"><p>System/Environment</p></div>
<div class="card-body pb-0 pt-0"><table class="table table-sm table-bordered">
<thead><tr class="bg-gray"><th>Name</th><th>Value</th></tr></thead>
<tbody>
<tr>
<td>AppName</td>
<td>Automation Practice</td>
</tr>
<tr>
<td>user</td>
<td>Shivam</td>
</tr>
<tr>
<td>build</td>
<td>1.1</td>
</tr>
<tr>
<td>os</td>
<td>Windows</td>
</tr>
</tbody>
</table></div>
</div>
</div>
</div>
</div>
<script>
var statusGroup = {
parentCount: 5,
passParent: 4,
failParent: 1,
warningParent: 0,
skipParent: 0,
childCount: 5,
passChild: 6,
failChild: 3,
warningChild: 0,
skipChild: 0,
infoChild: 0,
grandChildCount: 5,
passGrandChild: 33,
failGrandChild: 3,
warningGrandChild: 0,
skipGrandChild: 6,
infoGrandChild: 0,
eventsCount: 5,
};
</script>        </div>
      </div>
    </div>
  </div>
<script src="https://cdn.jsdelivr.net/gh/extent-framework/extent-github-cdn@14e9bb345ef7e2ed3a102f271d84e9f0267c88e7/spark/js/spark-script.js"></script>
<script type="text/javascript"></script></body>
</html>